2025-12-03 08:28:34, MOVE, v:1, k:poo@agenda, mode:PICK
2025-12-03 08:28:35, EXEC, v:1, k:poo@agenda, mode:FULL, rate:0, size:65
2025-12-03 08:28:36, EXEC, v:1, k:poo@agenda, mode:FULL, rate:0
2025-12-03 08:28:38, EXEC, v:1, k:poo@agenda, mode:FULL, rate:0
2025-12-03 08:28:39, EXEC, v:1, k:poo@agenda, mode:FULL, rate:0
2025-12-03 08:31:44, EXEC, v:1, k:poo@agenda, mode:FULL, rate:0, size:67
2025-12-03 08:31:45, EXEC, v:1, k:poo@agenda, mode:FULL, rate:0
2025-12-03 08:31:46, EXEC, v:1, k:poo@agenda, mode:FULL, rate:0
2025-12-03 08:31:46, EXEC, v:1, k:poo@agenda, mode:FULL, rate:0
2025-12-03 08:35:46, EXEC, v:1, k:poo@agenda, mode:FULL, rate:0, size:70
2025-12-03 08:35:49, EXEC, v:1, k:poo@agenda, mode:FULL, rate:0
2025-12-03 08:40:49, EXEC, v:1, k:poo@agenda, mode:FULL, rate:0, size:60
2025-12-03 08:41:15, MOVE, v:1, k:poo@agenda, mode:BACK
2025-12-03 08:42:00, MOVE, v:1, k:poo@agenda, mode:PICK
2025-12-03 08:42:00, EXEC, v:1, k:poo@agenda, mode:FULL, rate:0
2025-12-03 08:42:03, EXEC, v:1, k:poo@agenda, mode:FULL, rate:0
2025-12-03 08:42:03, EXEC, v:1, k:poo@agenda, mode:FULL, rate:0
2025-12-03 08:42:59, EXEC, v:1, k:poo@agenda, mode:FULL, rate:0, size:41
2025-12-03 08:43:00, EXEC, v:1, k:poo@agenda, mode:FULL, rate:0
2025-12-03 08:43:00, EXEC, v:1, k:poo@agenda, mode:FULL, rate:0
2025-12-03 08:46:54, EXEC, v:1, k:poo@agenda, mode:FULL, rate:0
2025-12-03 08:47:15, EXEC, v:1, k:poo@agenda, mode:FULL, rate:0
2025-12-03 08:47:24, EXEC, v:1, k:poo@agenda, mode:FULL, rate:0
2025-12-03 08:47:35, MOVE, v:1, k:poo@agenda, mode:BACK
2025-12-03 08:47:35, MOVE, v:1, k:poo@agenda, mode:PICK
2025-12-03 08:47:37, MOVE, v:1, k:poo@agenda, mode:BACK
2025-12-03 08:47:37, MOVE, v:1, k:poo@agenda, mode:PICK
2025-12-03 08:47:40, MOVE, v:1, k:poo@agenda, mode:BACK
2025-12-03 08:47:40, MOVE, v:1, k:poo@agenda, mode:PICK
2025-12-03 08:47:41, MOVE, v:1, k:poo@agenda, mode:BACK
2025-12-03 08:47:41, MOVE, v:1, k:poo@agenda, mode:PICK
2025-12-03 08:47:42, MOVE, v:1, k:poo@agenda, mode:BACK
2025-12-03 08:47:42, MOVE, v:1, k:poo@agenda, mode:PICK
2025-12-03 08:47:42, MOVE, v:1, k:poo@agenda, mode:BACK
2025-12-03 08:47:42, MOVE, v:1, k:poo@agenda, mode:PICK
2025-12-03 08:47:43, MOVE, v:1, k:poo@agenda, mode:BACK
2025-12-03 08:47:43, MOVE, v:1, k:poo@agenda, mode:PICK
2025-12-03 08:47:43, MOVE, v:1, k:poo@agenda, mode:BACK
2025-12-03 08:47:43, MOVE, v:1, k:poo@agenda, mode:PICK
2025-12-03 08:47:43, MOVE, v:1, k:poo@agenda, mode:BACK
2025-12-03 08:47:43, MOVE, v:1, k:poo@agenda, mode:PICK
2025-12-03 08:47:44, MOVE, v:1, k:poo@agenda, mode:BACK
2025-12-03 08:47:44, MOVE, v:1, k:poo@agenda, mode:PICK
2025-12-03 08:47:44, MOVE, v:1, k:poo@agenda, mode:BACK
2025-12-03 08:47:44, MOVE, v:1, k:poo@agenda, mode:PICK
2025-12-03 08:47:44, MOVE, v:1, k:poo@agenda, mode:BACK
2025-12-03 08:47:44, MOVE, v:1, k:poo@agenda, mode:PICK
2025-12-03 08:47:45, MOVE, v:1, k:poo@agenda, mode:BACK
2025-12-03 08:47:45, MOVE, v:1, k:poo@agenda, mode:PICK
2025-12-03 08:47:45, MOVE, v:1, k:poo@agenda, mode:BACK
2025-12-03 08:47:45, MOVE, v:1, k:poo@agenda, mode:PICK
2025-12-03 08:47:45, MOVE, v:1, k:poo@agenda, mode:BACK
2025-12-03 08:47:45, MOVE, v:1, k:poo@agenda, mode:PICK
2025-12-03 08:47:46, MOVE, v:1, k:poo@agenda, mode:BACK
2025-12-03 08:50:04, MOVE, v:1, k:poo@agenda, mode:PICK
2025-12-03 08:50:06, EXEC, v:1, k:poo@agenda, mode:FULL, rate:0
2025-12-03 08:50:12, EXEC, v:1, k:poo@agenda, mode:FULL, rate:0
2025-12-03 08:56:03, EXEC, v:1, k:poo@agenda, mode:FULL, rate:0, size:46
2025-12-03 08:56:07, EXEC, v:1, k:poo@agenda, mode:FULL, rate:0
2025-12-03 08:58:33, EXEC, v:1, k:poo@agenda, mode:FULL, rate:0
2025-12-03 08:58:55, MOVE, v:1, k:poo@agenda, mode:BACK
2025-12-03 08:58:55, MOVE, v:1, k:poo@agenda, mode:PICK
2025-12-03 08:58:59, MOVE, v:1, k:poo@agenda, mode:BACK
2025-12-03 08:58:59, MOVE, v:1, k:poo@agenda, mode:PICK
2025-12-03 08:59:03, MOVE, v:1, k:poo@agenda, mode:BACK
2025-12-03 08:59:03, MOVE, v:1, k:poo@agenda, mode:PICK
2025-12-03 08:59:04, MOVE, v:1, k:poo@agenda, mode:BACK
2025-12-03 08:59:04, MOVE, v:1, k:poo@agenda, mode:PICK
2025-12-03 08:59:04, MOVE, v:1, k:poo@agenda, mode:BACK
2025-12-03 08:59:04, MOVE, v:1, k:poo@agenda, mode:PICK
2025-12-03 08:59:05, MOVE, v:1, k:poo@agenda, mode:BACK
2025-12-03 08:59:05, MOVE, v:1, k:poo@agenda, mode:PICK
2025-12-03 08:59:05, MOVE, v:1, k:poo@agenda, mode:BACK
2025-12-03 08:59:05, MOVE, v:1, k:poo@agenda, mode:PICK
2025-12-03 08:59:06, MOVE, v:1, k:poo@agenda, mode:BACK
2025-12-03 08:59:06, MOVE, v:1, k:poo@agenda, mode:PICK
2025-12-03 08:59:07, MOVE, v:1, k:poo@agenda, mode:BACK
2025-12-03 09:01:28, MOVE, v:1, k:poo@agenda, mode:PICK
2025-12-03 09:01:29, EXEC, v:1, k:poo@agenda, mode:FULL, rate:0
2025-12-03 09:01:30, EXEC, v:1, k:poo@agenda, mode:FULL, rate:0
2025-12-03 09:08:36, EXEC, v:1, k:poo@agenda, mode:FULL, rate:0, size:51
2025-12-03 09:08:37, EXEC, v:1, k:poo@agenda, mode:FULL, rate:0
2025-12-03 09:23:35, EXEC, v:1, k:poo@agenda, mode:FULL, rate:0
2025-12-03 09:23:35, EXEC, v:1, k:poo@agenda, mode:FULL, rate:0
2025-12-03 09:23:40, MOVE, v:1, k:poo@agenda, mode:BACK
2025-12-03 09:23:40, MOVE, v:1, k:poo@agenda, mode:PICK
2025-12-03 09:23:43, MOVE, v:1, k:poo@agenda, mode:BACK
2025-12-03 09:23:43, MOVE, v:1, k:poo@agenda, mode:PICK
2025-12-03 09:23:44, MOVE, v:1, k:poo@agenda, mode:BACK
2025-12-03 09:23:44, MOVE, v:1, k:poo@agenda, mode:PICK
2025-12-03 09:23:45, MOVE, v:1, k:poo@agenda, mode:BACK
2025-12-03 09:33:11, MOVE, v:1, k:poo@agenda, mode:PICK
2025-12-03 09:33:11, EXEC, v:1, k:poo@agenda, mode:FULL, rate:0, size:52
2025-12-03 09:33:12, EXEC, v:1, k:poo@agenda, mode:FULL, rate:0
2025-12-03 09:33:12, EXEC, v:1, k:poo@agenda, mode:FULL, rate:0
2025-12-03 09:33:13, EXEC, v:1, k:poo@agenda, mode:FULL, rate:0
2025-12-03 09:33:13, EXEC, v:1, k:poo@agenda, mode:FULL, rate:0
2025-12-03 09:33:13, EXEC, v:1, k:poo@agenda, mode:FULL, rate:0
2025-12-03 09:33:13, EXEC, v:1, k:poo@agenda, mode:FULL, rate:0
2025-12-03 09:40:07, EXEC, v:1, k:poo@agenda, mode:FULL, rate:0
2025-12-03 09:40:08, EXEC, v:1, k:poo@agenda, mode:FULL, rate:0
2025-12-03 09:40:15, EXEC, v:1, k:poo@agenda, mode:FULL, rate:0
2025-12-03 09:40:19, EXEC, v:1, k:poo@agenda, mode:FULL, rate:0
2025-12-03 09:40:20, EXEC, v:1, k:poo@agenda, mode:FULL, rate:0
2025-12-03 09:40:20, EXEC, v:1, k:poo@agenda, mode:FULL, rate:0
2025-12-03 09:40:20, EXEC, v:1, k:poo@agenda, mode:FULL, rate:0
2025-12-03 09:40:23, MOVE, v:1, k:poo@agenda, mode:BACK
2025-12-03 09:40:23, MOVE, v:1, k:poo@agenda, mode:PICK
2025-12-03 09:40:24, MOVE, v:1, k:poo@agenda, mode:BACK
2025-12-03 09:40:24, MOVE, v:1, k:poo@agenda, mode:PICK
2025-12-03 09:40:24, MOVE, v:1, k:poo@agenda, mode:BACK
2025-12-03 09:41:29, MOVE, v:1, k:poo@agenda, mode:PICK
2025-12-03 09:41:31, EXEC, v:1, k:poo@agenda, mode:FULL, rate:0
2025-12-03 09:41:32, EXEC, v:1, k:poo@agenda, mode:FULL, rate:0
2025-12-03 09:41:33, EXEC, v:1, k:poo@agenda, mode:FULL, rate:0
2025-12-03 09:41:39, MOVE, v:1, k:poo@agenda, mode:BACK
2025-12-03 10:52:49, MOVE, v:1, k:poo@agenda, mode:PICK
2025-12-03 10:52:50, EXEC, v:1, k:poo@agenda, mode:FULL, rate:0
2025-12-03 11:05:14, EXEC, v:1, k:poo@agenda, mode:FULL, rate:0, size:60
2025-12-03 11:05:15, EXEC, v:1, k:poo@agenda, mode:FULL, rate:0
2025-12-03 11:05:18, MOVE, v:1, k:poo@agenda, mode:BACK
2025-12-03 11:05:18, MOVE, v:1, k:poo@agenda, mode:PICK
2025-12-03 11:05:18, MOVE, v:1, k:poo@agenda, mode:BACK
2025-12-03 11:05:18, MOVE, v:1, k:poo@agenda, mode:PICK
2025-12-03 11:05:20, MOVE, v:1, k:poo@agenda, mode:BACK
2025-12-03 11:06:18, MOVE, v:1, k:poo@agenda, mode:PICK
2025-12-03 11:08:27, EXEC, v:1, k:poo@agenda, mode:FULL, rate:0, size:60
2025-12-03 11:08:27, EXEC, v:1, k:poo@agenda, mode:FULL, rate:0, size:60
2025-12-03 11:08:27, EXEC, v:1, k:poo@agenda, mode:FULL, rate:0, size:60
2025-12-03 11:08:27, EXEC, v:1, k:poo@agenda, mode:FULL, rate:0, size:60
2025-12-03 11:08:27, EXEC, v:1, k:poo@agenda, mode:FULL, rate:0, size:60
2025-12-03 11:08:27, EXEC, v:1, k:poo@agenda, mode:FULL, rate:0, size:60
2025-12-03 11:08:30, EXEC, v:1, k:poo@agenda, mode:FULL, rate:0, size:60
2025-12-03 11:13:01, EXEC, v:1, k:poo@agenda, mode:FULL, rate:0
2025-12-03 11:13:03, EXEC, v:1, k:poo@agenda, mode:FULL, rate:0
2025-12-03 11:13:57, EXEC, v:1, k:poo@agenda, mode:FULL, rate:0, size:50
2025-12-03 11:13:57, EXEC, v:1, k:poo@agenda, mode:FULL, rate:0, size:50
2025-12-03 11:13:58, EXEC, v:1, k:poo@agenda, mode:FULL, rate:0, size:50
2025-12-03 11:14:20, EXEC, v:1, k:poo@agenda, mode:FULL, rate:0
2025-12-03 11:14:23, MOVE, v:1, k:poo@agenda, mode:BACK
2025-12-03 12:51:27, MOVE, v:1, k:poo@agenda, mode:PICK
2025-12-03 12:51:27, EXEC, v:1, k:poo@agenda, mode:FULL, rate:0, size:53
2025-12-03 12:51:28, EXEC, v:1, k:poo@agenda, mode:FULL, rate:0
2025-12-03 12:53:50, EXEC, v:1, k:poo@agenda, mode:FULL, rate:0, size:53
2025-12-03 12:53:51, EXEC, v:1, k:poo@agenda, mode:FULL, rate:0
2025-12-03 12:53:51, EXEC, v:1, k:poo@agenda, mode:FULL, rate:0
2025-12-03 12:53:51, EXEC, v:1, k:poo@agenda, mode:FULL, rate:0
2025-12-03 12:54:03, MOVE, v:1, k:poo@agenda, mode:BACK
2025-12-03 12:54:23, MOVE, v:1, k:poo@agenda, mode:PICK
2025-12-03 12:54:24, EXEC, v:1, k:poo@agenda, mode:FULL, rate:0, size:54
2025-12-03 12:56:57, EXEC, v:1, k:poo@agenda, mode:FULL, rate:0, size:54
2025-12-03 12:57:01, EXEC, v:1, k:poo@agenda, mode:FULL, rate:0
2025-12-03 12:57:50, EXEC, v:1, k:poo@agenda, mode:FULL, rate:0
2025-12-03 12:57:51, EXEC, v:1, k:poo@agenda, mode:FULL, rate:0
2025-12-03 12:57:52, EXEC, v:1, k:poo@agenda, mode:FULL, rate:0
2025-12-03 12:57:53, EXEC, v:1, k:poo@agenda, mode:FULL, rate:0
2025-12-03 12:57:54, EXEC, v:1, k:poo@agenda, mode:FULL, rate:0
2025-12-03 12:59:43, EXEC, v:1, k:poo@agenda, mode:FULL, rate:0, size:53
2025-12-03 12:59:46, MOVE, v:1, k:poo@agenda, mode:BACK
2025-12-03 13:00:35, MOVE, v:1, k:poo@agenda, mode:PICK
2025-12-03 13:00:36, EXEC, v:1, k:poo@agenda, mode:FULL, rate:0, size:54
2025-12-03 13:00:40, EXEC, v:1, k:poo@agenda, mode:FULL, rate:0
2025-12-03 13:00:54, EXEC, v:1, k:poo@agenda, mode:FULL, rate:0, size:46
2025-12-03 13:00:55, EXEC, v:1, k:poo@agenda, mode:FULL, rate:0
2025-12-03 13:02:35, EXEC, v:1, k:poo@agenda, mode:FULL, rate:0
2025-12-03 13:02:36, EXEC, v:1, k:poo@agenda, mode:FULL, rate:0
2025-12-03 13:02:41, MOVE, v:1, k:poo@agenda, mode:BACK
2025-12-03 13:02:50, MOVE, v:1, k:poo@agenda, mode:PICK
2025-12-03 13:02:52, EXEC, v:1, k:poo@agenda, mode:FULL, rate:0
2025-12-03 13:02:53, EXEC, v:1, k:poo@agenda, mode:FULL, rate:0
2025-12-03 13:02:54, EXEC, v:1, k:poo@agenda, mode:FULL, rate:0
2025-12-03 13:02:54, EXEC, v:1, k:poo@agenda, mode:FULL, rate:0
2025-12-03 13:02:55, EXEC, v:1, k:poo@agenda, mode:FULL, rate:0
2025-12-03 13:02:55, EXEC, v:1, k:poo@agenda, mode:FULL, rate:0
2025-12-03 13:02:55, EXEC, v:1, k:poo@agenda, mode:FULL, rate:0
2025-12-03 13:03:31, EXEC, v:1, k:poo@agenda, mode:FULL, rate:0
2025-12-03 13:03:34, MOVE, v:1, k:poo@agenda, mode:BACK
2025-12-03 16:28:31, MOVE, v:1, k:poo@agenda, mode:PICK
2025-12-03 16:28:32, EXEC, v:1, k:poo@agenda, mode:FULL, rate:0
2025-12-03 16:28:34, EXEC, v:1, k:poo@agenda, mode:FULL, rate:0
2025-12-03 16:36:31, EXEC, v:1, k:poo@agenda, mode:FULL, rate:0, size:49
2025-12-03 16:36:34, MOVE, v:1, k:poo@agenda, mode:BACK
2025-12-03 16:36:45, MOVE, v:1, k:poo@agenda, mode:PICK
2025-12-03 16:36:46, EXEC, v:1, k:poo@agenda, mode:FULL, rate:0
2025-12-03 16:46:17, EXEC, v:1, k:poo@agenda, mode:FULL, rate:0, size:49
2025-12-03 16:46:17, EXEC, v:1, k:poo@agenda, mode:FULL, rate:0, size:49
2025-12-03 16:59:21, EXEC, v:1, k:poo@agenda, mode:FULL, rate:0, size:49
2025-12-03 16:59:23, MOVE, v:1, k:poo@agenda, mode:BACK
2025-12-03 17:00:48, MOVE, v:1, k:poo@agenda, mode:PICK
2025-12-03 17:00:49, EXEC, v:1, k:poo@agenda, mode:FULL, rate:0
2025-12-03 17:00:50, EXEC, v:1, k:poo@agenda, mode:FULL, rate:0
2025-12-03 17:06:23, EXEC, v:1, k:poo@agenda, mode:FULL, rate:0
2025-12-03 17:07:36, EXEC, v:1, k:poo@agenda, mode:FULL, rate:0
2025-12-03 17:07:37, EXEC, v:1, k:poo@agenda, mode:FULL, rate:0
2025-12-03 17:07:38, EXEC, v:1, k:poo@agenda, mode:FULL, rate:0
2025-12-03 17:07:39, EXEC, v:1, k:poo@agenda, mode:FULL, rate:0
2025-12-03 17:07:39, EXEC, v:1, k:poo@agenda, mode:FULL, rate:0
2025-12-03 17:07:40, EXEC, v:1, k:poo@agenda, mode:FULL, rate:0
2025-12-03 17:07:40, EXEC, v:1, k:poo@agenda, mode:FULL, rate:0
2025-12-03 17:07:41, EXEC, v:1, k:poo@agenda, mode:FULL, rate:0
2025-12-03 17:07:41, EXEC, v:1, k:poo@agenda, mode:FULL, rate:0
2025-12-03 17:07:42, EXEC, v:1, k:poo@agenda, mode:FULL, rate:0
2025-12-03 17:07:43, EXEC, v:1, k:poo@agenda, mode:FULL, rate:0
2025-12-03 17:07:44, EXEC, v:1, k:poo@agenda, mode:FULL, rate:0
2025-12-03 17:07:45, EXEC, v:1, k:poo@agenda, mode:FULL, rate:0
2025-12-03 17:07:46, EXEC, v:1, k:poo@agenda, mode:FULL, rate:0
2025-12-03 17:07:49, EXEC, v:1, k:poo@agenda, mode:FULL, rate:0
2025-12-03 17:07:49, EXEC, v:1, k:poo@agenda, mode:FULL, rate:0
2025-12-03 17:07:50, EXEC, v:1, k:poo@agenda, mode:FULL, rate:0
2025-12-03 17:08:04, EXEC, v:1, k:poo@agenda, mode:FULL, rate:0
2025-12-03 17:08:06, EXEC, v:1, k:poo@agenda, mode:FULL, rate:0
2025-12-03 17:08:07, EXEC, v:1, k:poo@agenda, mode:FULL, rate:0
2025-12-03 17:15:11, EXEC, v:1, k:poo@agenda, mode:FULL, rate:0
2025-12-03 17:15:11, EXEC, v:1, k:poo@agenda, mode:FULL, rate:0
2025-12-03 17:15:12, EXEC, v:1, k:poo@agenda, mode:FULL, rate:0
2025-12-03 17:15:29, EXEC, v:1, k:poo@agenda, mode:FULL, rate:0
2025-12-03 17:15:35, MOVE, v:1, k:poo@agenda, mode:BACK
2025-12-03 17:16:14, MOVE, v:1, k:poo@agenda, mode:PICK
2025-12-03 17:16:14, EXEC, v:1, k:poo@agenda, mode:FULL, rate:0
2025-12-03 17:16:15, EXEC, v:1, k:poo@agenda, mode:FULL, rate:0
2025-12-03 17:16:15, EXEC, v:1, k:poo@agenda, mode:FULL, rate:0
2025-12-03 17:16:15, EXEC, v:1, k:poo@agenda, mode:FULL, rate:0
2025-12-03 17:16:15, EXEC, v:1, k:poo@agenda, mode:FULL, rate:0
2025-12-03 17:16:15, EXEC, v:1, k:poo@agenda, mode:FULL, rate:0
2025-12-03 17:16:15, EXEC, v:1, k:poo@agenda, mode:FULL, rate:0
2025-12-03 17:16:15, EXEC, v:1, k:poo@agenda, mode:FULL, rate:0
2025-12-03 17:16:23, EXEC, v:1, k:poo@agenda, mode:FULL, rate:0
2025-12-03 17:16:25, MOVE, v:1, k:poo@agenda, mode:BACK
2025-12-03 17:17:25, MOVE, v:1, k:poo@agenda, mode:PICK
2025-12-03 17:17:25, EXEC, v:1, k:poo@agenda, mode:FULL, rate:0, size:50
2025-12-03 17:26:14, EXEC, v:1, k:poo@agenda, mode:FULL, rate:0, size:58
2025-12-03 17:26:16, MOVE, v:1, k:poo@agenda, mode:BACK
2025-12-03 17:28:12, MOVE, v:1, k:poo@agenda, mode:PICK
2025-12-03 17:28:12, EXEC, v:1, k:poo@agenda, mode:FULL, rate:0, size:60
2025-12-03 17:28:15, MOVE, v:1, k:poo@agenda, mode:BACK
2025-12-03 17:29:41, MOVE, v:1, k:poo@agenda, mode:PICK
2025-12-03 17:29:42, EXEC, v:1, k:poo@agenda, mode:FULL, rate:0, size:67
2025-12-03 17:29:42, EXEC, v:1, k:poo@agenda, mode:FULL, rate:0, size:67
2025-12-03 17:29:43, EXEC, v:1, k:poo@agenda, mode:FULL, rate:0, size:67
2025-12-03 17:30:31, EXEC, v:1, k:poo@agenda, mode:FULL, rate:0, size:67
2025-12-03 17:30:32, EXEC, v:1, k:poo@agenda, mode:FULL, rate:0
2025-12-03 17:30:38, MOVE, v:1, k:poo@agenda, mode:BACK
2025-12-03 17:34:19, MOVE, v:1, k:poo@agenda, mode:PICK
2025-12-03 17:34:19, EXEC, v:1, k:poo@agenda, mode:FULL, rate:0
2025-12-03 17:34:20, EXEC, v:1, k:poo@agenda, mode:FULL, rate:0
2025-12-03 17:44:30, EXEC, v:1, k:poo@agenda, mode:FULL, rate:0
2025-12-03 17:44:31, EXEC, v:1, k:poo@agenda, mode:FULL, rate:0
2025-12-03 17:44:32, EXEC, v:1, k:poo@agenda, mode:FULL, rate:0
2025-12-03 17:44:33, MOVE, v:1, k:poo@agenda, mode:BACK
2025-12-03 17:46:52, MOVE, v:1, k:poo@agenda, mode:PICK
2025-12-03 17:46:52, EXEC, v:1, k:poo@agenda, mode:FULL, rate:0, size:56
2025-12-03 17:46:52, EXEC, v:1, k:poo@agenda, mode:FULL, rate:0, size:56
2025-12-03 17:46:52, EXEC, v:1, k:poo@agenda, mode:FULL, rate:0, size:56
2025-12-03 17:46:52, EXEC, v:1, k:poo@agenda, mode:FULL, rate:0, size:56
2025-12-03 17:47:04, EXEC, v:1, k:poo@agenda, mode:FULL, rate:0, size:56
2025-12-03 17:47:05, EXEC, v:1, k:poo@agenda, mode:FULL, rate:0
2025-12-03 17:47:05, EXEC, v:1, k:poo@agenda, mode:FULL, rate:0
2025-12-03 17:49:17, EXEC, v:1, k:poo@agenda, mode:FULL, rate:0, size:59
2025-12-03 17:49:18, EXEC, v:1, k:poo@agenda, mode:FULL, rate:0
2025-12-03 17:50:39, EXEC, v:1, k:poo@agenda, mode:FULL, rate:0
2025-12-03 17:54:37, EXEC, v:1, k:poo@agenda, mode:FULL, rate:0
2025-12-03 17:55:02, EXEC, v:1, k:poo@agenda, mode:FULL, rate:0, size:62
2025-12-03 18:01:12, EXEC, v:1, k:poo@agenda, mode:FULL, rate:0
2025-12-03 18:01:13, EXEC, v:1, k:poo@agenda, mode:FULL, rate:0
2025-12-03 18:04:26, EXEC, v:1, k:poo@agenda, mode:FULL, rate:0, size:63
2025-12-03 18:04:26, EXEC, v:1, k:poo@agenda, mode:FULL, rate:0, size:63
2025-12-03 18:04:27, MOVE, v:1, k:poo@agenda, mode:BACK
2025-12-03 18:07:36, MOVE, v:1, k:poo@agenda, mode:PICK
2025-12-03 18:07:36, EXEC, v:1, k:poo@agenda, mode:FULL, rate:0, size:66
2025-12-03 18:07:37, EXEC, v:1, k:poo@agenda, mode:FULL, rate:0
2025-12-03 18:07:43, EXEC, v:1, k:poo@agenda, mode:FULL, rate:0
2025-12-03 18:07:44, EXEC, v:1, k:poo@agenda, mode:FULL, rate:0
2025-12-03 18:07:45, MOVE, v:1, k:poo@agenda, mode:BACK
2025-12-03 18:07:49, MOVE, v:1, k:poo@agenda, mode:PICK
2025-12-03 18:21:34, MOVE, v:1, k:poo@agenda, mode:BACK
2025-12-03 18:21:40, MOVE, v:1, k:poo@contato, mode:DOWN
2025-12-03 18:21:40, MOVE, v:1, k:poo@contato, mode:PICK
2025-12-03 18:21:41, EXEC, v:1, k:poo@contato, mode:FULL, rate:0, size:0
2025-12-03 18:21:41, EXEC, v:1, k:poo@contato, mode:FULL, rate:0, size:0
2025-12-03 18:21:45, MOVE, v:1, k:poo@contato, mode:BACK
2025-12-03 18:21:47, MOVE, v:1, k:poo@agenda, mode:PICK
2025-12-03 18:21:48, EXEC, v:1, k:poo@agenda, mode:FULL, rate:0, size:68
2025-12-03 18:21:49, EXEC, v:1, k:poo@agenda, mode:FULL, rate:0
2025-12-03 18:21:49, EXEC, v:1, k:poo@agenda, mode:FULL, rate:0
2025-12-03 18:21:50, EXEC, v:1, k:poo@agenda, mode:FULL, rate:0
2025-12-03 18:21:50, EXEC, v:1, k:poo@agenda, mode:FULL, rate:0
2025-12-03 18:21:52, MOVE, v:1, k:poo@agenda, mode:BACK
2025-12-03 18:32:59, MOVE, v:1, k:poo@agenda, mode:PICK
2025-12-03 18:32:59, EXEC, v:1, k:poo@agenda, mode:FULL, rate:0, size:72
2025-12-03 18:32:59, EXEC, v:1, k:poo@agenda, mode:FULL, rate:0, size:72
2025-12-03 18:33:00, EXEC, v:1, k:poo@agenda, mode:FULL, rate:0, size:72
2025-12-03 18:33:01, MOVE, v:1, k:poo@agenda, mode:BACK
